old/MyFM-old/app/build/intermediates/manifest_merge_blame_file/debug/manifest-merger-blame-debug-report.txt
1<?xml version="1.0" encoding="utf-8"?>
2<manifest xmlns:android="http://schemas.android.com/apk/res/android"
3    package="com.myapp.myfm"
4    android:versionCode="1"
5    android:versionName="1.0" >
6
7    <uses-sdk
8        android:minSdkVersion="25"
8-->src/main/AndroidManifest.xml
9        android:targetSdkVersion="29" />
9-->src/main/AndroidManifest.xml
10
11    <uses-permission android:name="android.permission.RECORD_AUDIO" />
11-->src/main/AndroidManifest.xml:5:5-71
11-->src/main/AndroidManifest.xml:5:22-68
12    <uses-permission android:name="android.permission.MODIFY_AUDIO_SETTINGS" />
12-->src/main/AndroidManifest.xml:6:5-80
12-->src/main/AndroidManifest.xml:6:22-77
13    <uses-permission android:name="android.permission.INTERNET" /> <!-- 有些Root库需要 -->
13-->src/main/AndroidManifest.xml:7:5-67
13-->src/main/AndroidManifest.xml:7:22-64
14    <uses-permission android:name="android.permission.FOREGROUND_SERVICE" />
14-->src/main/AndroidManifest.xml:8:5-77
14-->src/main/AndroidManifest.xml:8:22-74
15    <uses-permission android:name="android.permission.FOREGROUND_SERVICE_MICROPHONE" />
15-->src/main/AndroidManifest.xml:9:5-88
15-->src/main/AndroidManifest.xml:9:22-85
16    <uses-permission android:name="android.permission.RECORD_AUDIO" />
16-->src/main/AndroidManifest.xml:5:5-71
16-->src/main/AndroidManifest.xml:5:22-68
17    <uses-permission android:name="android.permission.MODIFY_AUDIO_SETTINGS" />
17-->src/main/AndroidManifest.xml:6:5-80
17-->src/main/AndroidManifest.xml:6:22-77
18    <uses-permission android:name="android.permission.READ_EXTERNAL_STORAGE" />
18-->src/main/AndroidManifest.xml:12:5-80
18-->src/main/AndroidManifest.xml:12:22-77
19    <uses-permission android:name="android.permission.WRITE_EXTERNAL_STORAGE" />
19-->src/main/AndroidManifest.xml:13:5-81
19-->src/main/AndroidManifest.xml:13:22-78
20
21    <application
21-->src/main/AndroidManifest.xml:15:5-46:19
22        android:name="com.myapp.myfm.MyFmApp"
22-->src/main/AndroidManifest.xml:22:9-32
23        android:allowBackup="true"
23-->src/main/AndroidManifest.xml:16:9-35
24        android:appComponentFactory="androidx.core.app.CoreComponentFactory"
24-->[androidx.core:core:1.0.1] AndroidManifest.xml:22:18-86
25        android:debuggable="true"
26        android:extractNativeLibs="false"
27        android:icon="@mipmap/ic_launcher"
27-->src/main/AndroidManifest.xml:18:9-43
28        android:label="@string/app_name"
28-->src/main/AndroidManifest.xml:19:9-41
29        android:roundIcon="@mipmap/ic_launcher_round"
29-->src/main/AndroidManifest.xml:20:9-54
30        android:supportsRtl="true"
30-->src/main/AndroidManifest.xml:21:9-35
31        android:testOnly="false"
31-->src/main/AndroidManifest.xml:17:9-33
32        android:theme="@style/AppTheme" >
32-->src/main/AndroidManifest.xml:23:9-40
33        <meta-data
33-->src/main/AndroidManifest.xml:24:9-26:58
34            android:name="com.google.android.actions"
34-->src/main/AndroidManifest.xml:25:13-54
35            android:resource="@drawable/scroll_border" />
35-->src/main/AndroidManifest.xml:26:13-55
36
37        <activity
37-->src/main/AndroidManifest.xml:28:9-36:20
38            android:name="com.myapp.myfm.MainActivity"
38-->src/main/AndroidManifest.xml:29:13-41
39            android:windowSoftInputMode="adjustPan" >
39-->src/main/AndroidManifest.xml:30:13-52
40            <intent-filter>
40-->src/main/AndroidManifest.xml:31:13-35:29
41                <action android:name="android.intent.action.MAIN" />
41-->src/main/AndroidManifest.xml:32:17-69
41-->src/main/AndroidManifest.xml:32:25-66
42
43                <category android:name="android.intent.category.LAUNCHER" />
43-->src/main/AndroidManifest.xml:34:17-77
43-->src/main/AndroidManifest.xml:34:27-74
44            </intent-filter>
45        </activity>
46        <activity
46-->src/main/AndroidManifest.xml:39:9-40:57
47            android:name="com.myapp.myfm.FileEdit"
47-->src/main/AndroidManifest.xml:39:19-43
48            android:windowSoftInputMode="adjustResize" />
48-->src/main/AndroidManifest.xml:40:13-55
49
50        <service
50-->src/main/AndroidManifest.xml:42:9-45:61
51            android:name="com.myapp.myfm.FMService"
51-->src/main/AndroidManifest.xml:43:13-38
52            android:exported="false"
52-->src/main/AndroidManifest.xml:44:13-37
53            android:foregroundServiceType="mediaPlayback" />
53-->src/main/AndroidManifest.xml:45:13-58
54    </application>
55
56</manifest>